# JRE version: OpenJDK Runtime Environment (9.0) (build 9-internal+0-2016-04-14-195246.buildd.src)
# Java VM: OpenJDK 64-Bit Server VM (9-internal+0-2016-04-14-195246.buildd.src, mixed mode, tiered, compressed oops, g1 gc, linux-amd64)
Heap:
 garbage-first heap   total 122880K, used 53274K [0x0000000088600000, 0x00000000887003c0, 0x0000000100000000)
  region size 1024K, 43 young (44032K), 3 survivors (3072K)
 Metaspace       used 29376K, capacity 30057K, committed 30464K, reserved 1077248K
  class space    used 3000K, capacity 3203K, committed 3328K, reserved 1048576K
GC Heap History (10 events):
Event: 1,283 GC heap before
{Heap before GC invocations=2 (full 0):
 garbage-first heap   total 122880K, used 75269K [0x0000000088600000, 0x00000000887003c0, 0x0000000100000000)
  region size 1024K, 72 young (73728K), 9 survivors (9216K)
 Metaspace       used 14981K, capacity 15276K, committed 15488K, reserved 1062912K
  class space    used 1569K, capacity 1651K, committed 1664K, reserved 1048576K
}
Event: 1,302 GC heap after
{Heap after GC invocations=3 (full 0):
 garbage-first heap   total 122880K, used 10980K [0x0000000088600000, 0x00000000887003c0, 0x0000000100000000)
  region size 1024K, 3 young (3072K), 3 survivors (3072K)
 Metaspace       used 14981K, capacity 15276K, committed 15488K, reserved 1062912K
  class space    used 1569K, capacity 1651K, committed 1664K, reserved 1048576K
}
Event: 7,751 GC heap before
{Heap before GC invocations=3 (full 0):
 garbage-first heap   total 122880K, used 81636K [0x0000000088600000, 0x00000000887003c0, 0x0000000100000000)
  region size 1024K, 72 young (73728K), 3 survivors (3072K)
 Metaspace       used 19271K, capacity 19620K, committed 19968K, reserved 1067008K
  class space    used 1944K, capacity 2043K, committed 2048K, reserved 1048576K
}
Event: 7,756 GC heap after
{Heap after GC invocations=4 (full 0):
 garbage-first heap   total 122880K, used 12395K [0x0000000088600000, 0x00000000887003c0, 0x0000000100000000)
  region size 1024K, 4 young (4096K), 4 survivors (4096K)
 Metaspace       used 19271K, capacity 19620K, committed 19968K, reserved 1067008K
  class space    used 1944K, capacity 2043K, committed 2048K, reserved 1048576K
}
Event: 8,076 GC heap before
{Heap before GC invocations=4 (full 0):
 garbage-first heap   total 122880K, used 36971K [0x0000000088600000, 0x00000000887003c0, 0x0000000100000000)
  region size 1024K, 29 young (29696K), 4 survivors (4096K)
 Metaspace       used 20616K, capacity 21004K, committed 21248K, reserved 1069056K
  class space    used 2094K, capacity 2205K, committed 2304K, reserved 1048576K
}
Event: 8,081 GC heap after
{Heap after GC invocations=5 (full 0):
 garbage-first heap   total 122880K, used 12347K [0x0000000088600000, 0x00000000887003c0, 0x0000000100000000)
  region size 1024K, 4 young (4096K), 4 survivors (4096K)
 Metaspace       used 20616K, capacity 21004K, committed 21248K, reserved 1069056K
  class space    used 2094K, capacity 2205K, committed 2304K, reserved 1048576K
}
Event: 8,363 GC heap before
{Heap before GC invocations=6 (full 0):
 garbage-first heap   total 122880K, used 70715K [0x0000000088600000, 0x00000000887003c0, 0x0000000100000000)
  region size 1024K, 61 young (62464K), 4 survivors (4096K)
 Metaspace       used 22359K, capacity 22715K, committed 23168K, reserved 1071104K
  class space    used 2272K, capacity 2366K, committed 2432K, reserved 1048576K
}
Event: 8,371 GC heap after
{Heap after GC invocations=7 (full 0):
 garbage-first heap   total 122880K, used 14523K [0x0000000088600000, 0x00000000887003c0, 0x0000000100000000)
  region size 1024K, 6 young (6144K), 6 survivors (6144K)
 Metaspace       used 22359K, capacity 22715K, committed 23168K, reserved 1071104K
  class space    used 2272K, capacity 2366K, committed 2432K, reserved 1048576K
}
Event: 12,103 GC heap before
{Heap before GC invocations=7 (full 0):
 garbage-first heap   total 122880K, used 74939K [0x0000000088600000, 0x00000000887003c0, 0x0000000100000000)
  region size 1024K, 65 young (66560K), 6 survivors (6144K)
 Metaspace       used 23177K, capacity 23561K, committed 23936K, reserved 1071104K
  class space    used 2301K, capacity 2405K, committed 2432K, reserved 1048576K
}
Event: 12,110 GC heap after
{Heap after GC invocations=8 (full 0):
 garbage-first heap   total 122880K, used 13338K [0x0000000088600000, 0x00000000887003c0, 0x0000000100000000)
  region size 1024K, 3 young (3072K), 3 survivors (3072K)
 Metaspace       used 23177K, capacity 23561K, committed 23936K, reserved 1071104K
  class space    used 2301K, capacity 2405K, committed 2432K, reserved 1048576K
}

